<?xml version="1.0" encoding="UTF-8"?>
<!-- Generated by org.testng.reporters.JUnitXMLReporter -->
<testsuite hostname="C365L0052573060" ignored="0" name="Default test" tests="3" failures="0" timestamp="02 Jul 2018 07:14:41 GMT" time="52.057" errors="0">
  <testcase name="UserRegistration" time="38.394" classname="com.ortusolis.registration.LMrqstAprvByAd"/>
  <testcase name="UserLogin" time="3.13" classname="com.ortusolis.registration.LMrqstAprvByAd"/>
  <testcase name="LM_AdmnLog" time="10.428" classname="com.ortusolis.registration.LMrqstAprvByAd"/>
</testsuite> <!-- Default test -->
