<?xml version="1.0" encoding="UTF-8"?>
<testng-results skipped="0" failed="0" ignored="0" total="3" passed="3">
  <reporter-output>
  </reporter-output>
  <suite name="Default suite" duration-ms="52057" started-at="2018-07-02T07:13:48Z" finished-at="2018-07-02T07:14:40Z">
    <groups>
    </groups>
    <test name="Default test" duration-ms="52057" started-at="2018-07-02T07:13:48Z" finished-at="2018-07-02T07:14:40Z">
      <class name="com.ortusolis.registration.LMrqstAprvByAd">
        <test-method status="PASS" signature="BeforeSuiteDependencyTrigger()[pri:0, instance:com.ortusolis.registration.LMrqstAprvByAd@3f49dace]" name="BeforeSuiteDependencyTrigger" is-config="true" duration-ms="9079" started-at="2018-07-02T12:43:39Z" finished-at="2018-07-02T12:43:48Z">
          <reporter-output>
          </reporter-output>
        </test-method> <!-- BeforeSuiteDependencyTrigger -->
        <test-method status="PASS" signature="UserRegistration()[pri:1, instance:com.ortusolis.registration.LMrqstAprvByAd@3f49dace]" name="UserRegistration" duration-ms="38394" started-at="2018-07-02T12:43:48Z" finished-at="2018-07-02T12:44:27Z">
          <reporter-output>
          </reporter-output>
        </test-method> <!-- UserRegistration -->
        <test-method status="PASS" signature="zzzUfRepotFormatSet()[pri:0, instance:com.ortusolis.registration.LMrqstAprvByAd@3f49dace]" name="zzzUfRepotFormatSet" is-config="true" duration-ms="1" started-at="2018-07-02T12:44:27Z" finished-at="2018-07-02T12:44:27Z">
          <reporter-output>
          </reporter-output>
        </test-method> <!-- zzzUfRepotFormatSet -->
        <test-method status="PASS" signature="UserLogin()[pri:2, instance:com.ortusolis.registration.LMrqstAprvByAd@3f49dace]" name="UserLogin" duration-ms="3130" started-at="2018-07-02T12:44:27Z" finished-at="2018-07-02T12:44:30Z">
          <reporter-output>
          </reporter-output>
        </test-method> <!-- UserLogin -->
        <test-method status="PASS" signature="zzzUfRepotFormatSet()[pri:0, instance:com.ortusolis.registration.LMrqstAprvByAd@3f49dace]" name="zzzUfRepotFormatSet" is-config="true" duration-ms="0" started-at="2018-07-02T12:44:30Z" finished-at="2018-07-02T12:44:30Z">
          <reporter-output>
          </reporter-output>
        </test-method> <!-- zzzUfRepotFormatSet -->
        <test-method status="PASS" signature="LM_AdmnLog()[pri:3, instance:com.ortusolis.registration.LMrqstAprvByAd@3f49dace]" name="LM_AdmnLog" duration-ms="10428" started-at="2018-07-02T12:44:30Z" finished-at="2018-07-02T12:44:40Z">
          <reporter-output>
          </reporter-output>
        </test-method> <!-- LM_AdmnLog -->
        <test-method status="PASS" signature="zzzUfRepotFormatSet()[pri:0, instance:com.ortusolis.registration.LMrqstAprvByAd@3f49dace]" name="zzzUfRepotFormatSet" is-config="true" duration-ms="1" started-at="2018-07-02T12:44:40Z" finished-at="2018-07-02T12:44:40Z">
          <reporter-output>
          </reporter-output>
        </test-method> <!-- zzzUfRepotFormatSet -->
        <test-method status="PASS" signature="tearDown()[pri:0, instance:com.ortusolis.registration.LMrqstAprvByAd@3f49dace]" name="tearDown" is-config="true" duration-ms="4358" started-at="2018-07-02T12:44:41Z" finished-at="2018-07-02T12:44:45Z">
          <reporter-output>
          </reporter-output>
        </test-method> <!-- tearDown -->
      </class> <!-- com.ortusolis.registration.LMrqstAprvByAd -->
    </test> <!-- Default test -->
  </suite> <!-- Default suite -->
</testng-results>
