<?xml version="1.0" encoding="UTF-8"?>
<testng-results skipped="0" failed="0" ignored="0" total="1" passed="1">
  <reporter-output>
  </reporter-output>
  <suite name="Default suite" duration-ms="17939" started-at="2018-06-26T04:42:46Z" finished-at="2018-06-26T04:43:04Z">
    <groups>
    </groups>
    <test name="Default test" duration-ms="17939" started-at="2018-06-26T04:42:46Z" finished-at="2018-06-26T04:43:04Z">
      <class name="com.ortusolis.registration.IPTDemo1LM">
        <test-method status="PASS" signature="BeforeSuiteDependencyTrigger()[pri:0, instance:com.ortusolis.registration.IPTDemo1LM@3f49dace]" name="BeforeSuiteDependencyTrigger" is-config="true" duration-ms="15028" started-at="2018-06-26T10:12:31Z" finished-at="2018-06-26T10:12:46Z">
          <reporter-output>
          </reporter-output>
        </test-method> <!-- BeforeSuiteDependencyTrigger -->
        <test-method status="PASS" signature="IPT_User_Demo()[pri:0, instance:com.ortusolis.registration.IPTDemo1LM@3f49dace]" name="IPT_User_Demo" duration-ms="17920" started-at="2018-06-26T10:12:46Z" finished-at="2018-06-26T10:13:04Z">
          <reporter-output>
          </reporter-output>
        </test-method> <!-- IPT_User_Demo -->
        <test-method status="PASS" signature="zzzUfRepotFormatSet()[pri:0, instance:com.ortusolis.registration.IPTDemo1LM@3f49dace]" name="zzzUfRepotFormatSet" is-config="true" duration-ms="0" started-at="2018-06-26T10:13:04Z" finished-at="2018-06-26T10:13:04Z">
          <reporter-output>
          </reporter-output>
        </test-method> <!-- zzzUfRepotFormatSet -->
        <test-method status="PASS" signature="tearDown()[pri:0, instance:com.ortusolis.registration.IPTDemo1LM@3f49dace]" name="tearDown" is-config="true" duration-ms="4182" started-at="2018-06-26T10:13:04Z" finished-at="2018-06-26T10:13:08Z">
          <reporter-output>
          </reporter-output>
        </test-method> <!-- tearDown -->
      </class> <!-- com.ortusolis.registration.IPTDemo1LM -->
    </test> <!-- Default test -->
  </suite> <!-- Default suite -->
</testng-results>
