<?xml version="1.0" encoding="UTF-8"?>
<!-- Generated by org.testng.reporters.JUnitXMLReporter -->
<testsuite hostname="C365L0052573060" ignored="0" name="Registration Flow On Templeted" tests="1" failures="0" timestamp="15 Jun 2018 09:47:12 GMT" time="0.005" errors="0">
  <testcase name="@BeforeTest getURLSettingEnvironment" time="0.001" classname="com.ortusolis.registration.CCA_003">
    <failure type="org.json.JSONException" message="JSONObject[&amp;quot;Registration_blimpie&amp;quot;] not found.">
      <![CDATA[org.json.JSONException: JSONObject["Registration_blimpie"] not found.
	at org.json.JSONObject.get(JSONObject.java:471)
	at com.ortusolis.registration.CCA_003.getURLSettingEnvironment(CCA_003.java:25)
... Removed 27 stack frames]]>
    </failure>
  </testcase> <!-- @BeforeTest getURLSettingEnvironment -->
  <testcase name="CCA_003_Registration_On_AllPages" time="0.0" classname="com.ortusolis.registration.CCA_003">
    <skipped/>
  </testcase> <!-- CCA_003_Registration_On_AllPages -->
</testsuite> <!-- Registration Flow On Templeted -->
