<?xml version="1.0" encoding="UTF-8"?>
<testsuite xmlns:xsi="http://www.w3.org/2001/XMLSchema-instance" xsi:noNamespaceSchemaLocation="https://maven.apache.org/surefire/maven-surefire-plugin/xsd/surefire-test-report.xsd" name="TestSuite" time="6.606" tests="10" errors="0" skipped="6" failures="4">
  <properties>
[...]
</properties>
  <testcase name="getURLSettingEnvironment" classname="com.ortusolis.registration.CCA_003" time="5.701">
    <failure message="JSONObject[&quot;Registration_coldStone&quot;] not found." type="org.json.JSONException">org.json.JSONException: JSONObject["Registration_coldStone"] not found.
	at com.ortusolis.registration.CCA_003.getURLSettingEnvironment(CCA_003.java:25)
</failure>
    <system-err><![CDATA[[main] INFO CommonUtilities - C:\Eclipse\Workspace_Eclipse\ortusolis_automation/src/config/config.json
[main] INFO CommonUtilities - C:\Eclipse\Workspace_Eclipse\ortusolis_automation/src/dataValidation/dataValidation.json
[main] INFO CCA_004 - chrome
Starting ChromeDriver 2.38.552522 (437e6fbedfa8762dec75e2c5b3ddb86763dc9dcb) on port 22489
Only local connections are allowed.
May 14, 2018 11:37:06 AM org.openqa.selenium.remote.ProtocolHandshake createSession
INFO: Detected dialect: OSS
]]></system-err>
  </testcase>
  <testcase name="getURLSettingEnvironment" classname="com.ortusolis.registration.CCA_003" time="5.75">
    <failure message="JSONObject[&quot;Registration_blimpie&quot;] not found." type="org.json.JSONException">org.json.JSONException: JSONObject["Registration_blimpie"] not found.
	at com.ortusolis.registration.CCA_003.getURLSettingEnvironment(CCA_003.java:25)
</failure>
  </testcase>
  <testcase name="getURLSettingEnvironment" classname="com.ortusolis.registration.CCA_003" time="5.76">
    <failure message="JSONObject[&quot;Registration_jamesconey&quot;] not found." type="org.json.JSONException">org.json.JSONException: JSONObject["Registration_jamesconey"] not found.
	at com.ortusolis.registration.CCA_003.getURLSettingEnvironment(CCA_003.java:25)
</failure>
  </testcase>
  <testcase name="CCA_003_Registration_On_AllPages" classname="com.ortusolis.registration.CCA_003" time="0">
    <skipped message="JSONObject[&quot;Registration_coldStone&quot;] not found."/>
  </testcase>
  <testcase name="CCA_003_Registration_On_AllPages" classname="com.ortusolis.registration.CCA_003" time="0">
    <skipped message="JSONObject[&quot;Registration_blimpie&quot;] not found."/>
  </testcase>
  <testcase name="CCA_003_Registration_On_AllPages" classname="com.ortusolis.registration.CCA_003" time="0">
    <skipped message="JSONObject[&quot;Registration_jamesconey&quot;] not found."/>
  </testcase>
  <testcase name="getURLSettingEnvironment" classname="com.ortusolis.registration.CCA_004" time="5.773">
    <failure message="JSONObject[&quot;Registration_coldStone&quot;] not found." type="org.json.JSONException">org.json.JSONException: JSONObject["Registration_coldStone"] not found.
	at com.ortusolis.registration.CCA_004.getURLSettingEnvironment(CCA_004.java:28)
</failure>
  </testcase>
  <testcase name="CCA_004_emailErrorValidation" classname="com.ortusolis.registration.CCA_004" time="0">
    <skipped message="JSONObject[&quot;Registration_coldStone&quot;] not found."/>
  </testcase>
  <testcase name="CCA_004_phoneNumberErrorValidation" classname="com.ortusolis.registration.CCA_004" time="0">
    <skipped message="JSONObject[&quot;Registration_coldStone&quot;] not found."/>
  </testcase>
  <testcase name="tearDown" classname="com.ortusolis.registration.CCA_004" time="0">
    <skipped/>
  </testcase>
</testsuite>