<?xml version="1.0" encoding="UTF-8"?>
<testsuite xmlns:xsi="http://www.w3.org/2001/XMLSchema-instance" xsi:noNamespaceSchemaLocation="https://maven.apache.org/surefire/maven-surefire-plugin/xsd/surefire-test-report.xsd" name="TestSuite" time="13.402" tests="9" errors="0" skipped="5" failures="4">
  <properties>
[...]
</properties>
  <testcase name="getURLSettingEnvironment" classname="com.ortusolis.registration.CCA_003" time="10.994">
    <failure message="JSONObject[&quot;Registration_coldStone&quot;] not found." type="org.json.JSONException">org.json.JSONException: JSONObject["Registration_coldStone"] not found.
	at com.ortusolis.registration.CCA_003.getURLSettingEnvironment(CCA_003.java:25)
</failure>
    <system-err><![CDATA[[main] INFO CommonUtilities - C:\Users\HEMANMS\GITHUB\iptTestScripts\ortusolis_automation/src/config/config.json
[main] INFO CommonUtilities - C:\Users\HEMANMS\GITHUB\iptTestScripts\ortusolis_automation/src/dataValidation/dataValidation.json
[main] INFO CCA_003 - chrome
Starting ChromeDriver 2.38.552522 (437e6fbedfa8762dec75e2c5b3ddb86763dc9dcb) on port 5760
Only local connections are allowed.
Jun 15, 2018 3:17:12 PM org.openqa.selenium.remote.ProtocolHandshake createSession
INFO: Detected dialect: OSS
]]></system-err>
  </testcase>
  <testcase name="getURLSettingEnvironment" classname="com.ortusolis.registration.CCA_003" time="11.174">
    <failure message="JSONObject[&quot;Registration_blimpie&quot;] not found." type="org.json.JSONException">org.json.JSONException: JSONObject["Registration_blimpie"] not found.
	at com.ortusolis.registration.CCA_003.getURLSettingEnvironment(CCA_003.java:25)
</failure>
  </testcase>
  <testcase name="getURLSettingEnvironment" classname="com.ortusolis.registration.CCA_003" time="11.227">
    <failure message="JSONObject[&quot;Registration_jamesconey&quot;] not found." type="org.json.JSONException">org.json.JSONException: JSONObject["Registration_jamesconey"] not found.
	at com.ortusolis.registration.CCA_003.getURLSettingEnvironment(CCA_003.java:25)
</failure>
  </testcase>
  <testcase name="getURLSettingEnvironment" classname="com.ortusolis.registration.CCA_003" time="11.27">
    <failure message="JSONObject[&quot;Registration_coldStone&quot;] not found." type="org.json.JSONException">org.json.JSONException: JSONObject["Registration_coldStone"] not found.
	at com.ortusolis.registration.CCA_003.getURLSettingEnvironment(CCA_003.java:25)
</failure>
  </testcase>
  <testcase name="CCA_003_Registration_On_AllPages" classname="com.ortusolis.registration.CCA_003" time="0">
    <skipped message="JSONObject[&quot;Registration_coldStone&quot;] not found."/>
  </testcase>
  <testcase name="CCA_003_Registration_On_AllPages" classname="com.ortusolis.registration.CCA_003" time="0">
    <skipped message="JSONObject[&quot;Registration_blimpie&quot;] not found."/>
  </testcase>
  <testcase name="CCA_003_Registration_On_AllPages" classname="com.ortusolis.registration.CCA_003" time="0">
    <skipped message="JSONObject[&quot;Registration_jamesconey&quot;] not found."/>
  </testcase>
  <testcase name="CCA_003_Registration_On_AllPages" classname="com.ortusolis.registration.CCA_003" time="0">
    <skipped message="JSONObject[&quot;Registration_coldStone&quot;] not found."/>
  </testcase>
  <testcase name="tearDown" classname="com.ortusolis.registration.CCA_003" time="0">
    <skipped/>
  </testcase>
</testsuite>