<?xml version="1.0" encoding="UTF-8"?>
<testsuite xmlns:xsi="http://www.w3.org/2001/XMLSchema-instance" xsi:noNamespaceSchemaLocation="https://maven.apache.org/surefire/maven-surefire-plugin/xsd/surefire-test-report.xsd" name="TestSuite" time="11.667" tests="17" errors="0" skipped="13" failures="4">
  <properties>
[...]
</properties>
  <testcase name="getURLSettingEnvironment" classname="com.ortusolis.registration.CCA_003" time="9.197">
    <failure message="JSONObject[&quot;Registration_coldStone&quot;] not found." type="org.json.JSONException">org.json.JSONException: JSONObject["Registration_coldStone"] not found.
	at com.ortusolis.registration.CCA_003.getURLSettingEnvironment(CCA_003.java:25)
</failure>
    <system-err><![CDATA[[main] INFO CommonUtilities - C:\WORKSPACE\workspace1\OrtusolisIPT/src/config/config.json
[main] INFO CommonUtilities - C:\WORKSPACE\workspace1\OrtusolisIPT/src/dataValidation/dataValidation.json
[main] INFO CCA_004 - chrome
Starting ChromeDriver 2.38.552522 (437e6fbedfa8762dec75e2c5b3ddb86763dc9dcb) on port 41833
Only local connections are allowed.
Jun 13, 2018 9:38:34 AM org.openqa.selenium.remote.ProtocolHandshake createSession
INFO: Detected dialect: OSS
]]></system-err>
  </testcase>
  <testcase name="getURLSettingEnvironment" classname="com.ortusolis.registration.CCA_003" time="9.327">
    <failure message="JSONObject[&quot;Registration_blimpie&quot;] not found." type="org.json.JSONException">org.json.JSONException: JSONObject["Registration_blimpie"] not found.
	at com.ortusolis.registration.CCA_003.getURLSettingEnvironment(CCA_003.java:25)
</failure>
  </testcase>
  <testcase name="getURLSettingEnvironment" classname="com.ortusolis.registration.CCA_003" time="9.367">
    <failure message="JSONObject[&quot;Registration_jamesconey&quot;] not found." type="org.json.JSONException">org.json.JSONException: JSONObject["Registration_jamesconey"] not found.
	at com.ortusolis.registration.CCA_003.getURLSettingEnvironment(CCA_003.java:25)
</failure>
  </testcase>
  <testcase name="CCA_003_Registration_On_AllPages" classname="com.ortusolis.registration.CCA_003" time="0">
    <skipped message="JSONObject[&quot;Registration_coldStone&quot;] not found."/>
  </testcase>
  <testcase name="CCA_003_Registration_On_AllPages" classname="com.ortusolis.registration.CCA_003" time="0">
    <skipped message="JSONObject[&quot;Registration_blimpie&quot;] not found."/>
  </testcase>
  <testcase name="CCA_003_Registration_On_AllPages" classname="com.ortusolis.registration.CCA_003" time="0">
    <skipped message="JSONObject[&quot;Registration_jamesconey&quot;] not found."/>
  </testcase>
  <testcase name="getURLSettingEnvironment" classname="com.ortusolis.registration.CCA_004" time="9.402">
    <failure message="JSONObject[&quot;Registration_coldStone&quot;] not found." type="org.json.JSONException">org.json.JSONException: JSONObject["Registration_coldStone"] not found.
	at com.ortusolis.registration.CCA_004.getURLSettingEnvironment(CCA_004.java:28)
</failure>
  </testcase>
  <testcase name="CCA_004_BirthDayErrorValidation" classname="com.ortusolis.registration.CCA_004" time="0">
    <skipped message="JSONObject[&quot;Registration_coldStone&quot;] not found."/>
  </testcase>
  <testcase name="CCA_004_FNameLNameErrorValidation" classname="com.ortusolis.registration.CCA_004" time="0">
    <skipped message="JSONObject[&quot;Registration_coldStone&quot;] not found."/>
  </testcase>
  <testcase name="CCA_004_GenderErrorValidation" classname="com.ortusolis.registration.CCA_004" time="0">
    <skipped message="JSONObject[&quot;Registration_coldStone&quot;] not found."/>
  </testcase>
  <testcase name="CCA_004_WhenEmptyAllShouldPopulate" classname="com.ortusolis.registration.CCA_004" time="0">
    <skipped message="JSONObject[&quot;Registration_coldStone&quot;] not found."/>
  </testcase>
  <testcase name="CCA_004_YesIAgreeWerrorValidation" classname="com.ortusolis.registration.CCA_004" time="0">
    <skipped message="JSONObject[&quot;Registration_coldStone&quot;] not found."/>
  </testcase>
  <testcase name="CCA_004_ZipCodeErrorValidation" classname="com.ortusolis.registration.CCA_004" time="0">
    <skipped message="JSONObject[&quot;Registration_coldStone&quot;] not found."/>
  </testcase>
  <testcase name="CCA_004_emailErrorValidation" classname="com.ortusolis.registration.CCA_004" time="0">
    <skipped message="JSONObject[&quot;Registration_coldStone&quot;] not found."/>
  </testcase>
  <testcase name="CCA_004_passwordErrorValidation" classname="com.ortusolis.registration.CCA_004" time="0">
    <skipped message="JSONObject[&quot;Registration_coldStone&quot;] not found."/>
  </testcase>
  <testcase name="CCA_004_phoneNumberErrorValidation" classname="com.ortusolis.registration.CCA_004" time="0">
    <skipped message="JSONObject[&quot;Registration_coldStone&quot;] not found."/>
  </testcase>
  <testcase name="tearDown" classname="com.ortusolis.registration.CCA_004" time="0">
    <skipped/>
  </testcase>
</testsuite>